<?xml version="1.0" encoding="UTF-8"?>
<!-- Generated by org.testng.reporters.JUnitXMLReporter -->
<testsuite ignored="1" hostname="DESKTOP-JOKB8D4" failures="0" tests="11" name="my first test" time="0.043" errors="0" timestamp="2021-03-18T00:50:14 IST">
  <testcase classname="com.testng.FirstTestng" name="aafirsttest" time="0.0"/>
  <testcase classname="com.testng.FirstTestng" name="abfirsttest" time="0.0"/>
  <testcase classname="com.testng.FirstTestng" name="acfirsttest" time="0.001"/>
  <testcase classname="com.testng.SecondTestng" name="contacts" time="0.0"/>
  <testcase classname="com.testng.SecondTestng" name="login" time="0.001"/>
  <testcase classname="com.testng.SecondTestng" name="logout" time="0.0"/>
  <testcase classname="com.testng.SecondTestng" name="payment" time="0.001"/>
  <testcase classname="com.testng.AbcTestng" name="VideoCalls" time="0.0"/>
  <testcase classname="com.testng.AbcTestng" name="messaging" time="0.0"/>
  <testcase classname="com.testng.AbcTestng" name="voiceCalls" time="0.0"/>
  <testcase classname="com.testng.AbcTestng" name="whatsappPayments" time="0.001"/>
  <testcase classname="com.testng.FirstTestng" name="adfirsttest" time="0.0">
    <ignored/>
  </testcase> <!-- adfirsttest -->
</testsuite> <!-- my first test -->
